<?xml version="1.0" encoding="UTF-8"?>
<testsuite xmlns:xsi="http://www.w3.org/2001/XMLSchema-instance" xsi:noNamespaceSchemaLocation="https://maven.apache.org/surefire/maven-surefire-plugin/xsd/surefire-test-report-3.0.xsd" version="3.0" name="TestSuite" time="318.451" tests="35" errors="0" skipped="0" failures="4">
  <properties>
    <property name="sun.desktop" value="windows"/>
    <property name="awt.toolkit" value="sun.awt.windows.WToolkit"/>
    <property name="file.encoding.pkg" value="sun.io"/>
    <property name="java.specification.version" value="1.8"/>
    <property name="webdriver.chrome.driver" value="C:\Elsa\TechChallenge\TheOPPENHEIMER//src//test//resources//chromedriver.exe"/>
    <property name="sun.cpu.isalist" value="amd64"/>
    <property name="sun.jnu.encoding" value="Cp1252"/>
    <property name="java.class.path" value="C:\Elsa\TechChallenge\TheOPPENHEIMER\target\test-classes;C:\Elsa\TechChallenge\TheOPPENHEIMER\target\classes;C:\Users\2119473\.m2\repository\io\cucumber\cucumber-java\7.2.3\cucumber-java-7.2.3.jar;C:\Users\2119473\.m2\repository\io\cucumber\cucumber-core\7.2.3\cucumber-core-7.2.3.jar;C:\Users\2119473\.m2\repository\io\cucumber\cucumber-gherkin\7.2.3\cucumber-gherkin-7.2.3.jar;C:\Users\2119473\.m2\repository\io\cucumber\cucumber-gherkin-messages\7.2.3\cucumber-gherkin-messages-7.2.3.jar;C:\Users\2119473\.m2\repository\io\cucumber\messages\17.1.1\messages-17.1.1.jar;C:\Users\2119473\.m2\repository\io\cucumber\tag-expressions\4.1.0\tag-expressions-4.1.0.jar;C:\Users\2119473\.m2\repository\io\cucumber\cucumber-expressions\15.0.1\cucumber-expressions-15.0.1.jar;C:\Users\2119473\.m2\repository\io\cucumber\datatable\7.2.3\datatable-7.2.3.jar;C:\Users\2119473\.m2\repository\io\cucumber\cucumber-plugin\7.2.3\cucumber-plugin-7.2.3.jar;C:\Users\2119473\.m2\repository\io\cucumber\docstring\7.2.3\docstring-7.2.3.jar;C:\Users\2119473\.m2\repository\io\cucumber\html-formatter\17.0.0\html-formatter-17.0.0.jar;C:\Users\2119473\.m2\repository\io\cucumber\ci-environment\8.1.0\ci-environment-8.1.0.jar;C:\Users\2119473\.m2\repository\org\apiguardian\apiguardian-api\1.1.2\apiguardian-api-1.1.2.jar;C:\Users\2119473\.m2\repository\commons-io\commons-io\2.11.0\commons-io-2.11.0.jar;C:\Users\2119473\.m2\repository\tech\grasshopper\extentreports-cucumber7-adapter\1.2.0\extentreports-cucumber7-adapter-1.2.0.jar;C:\Users\2119473\.m2\repository\tech\grasshopper\extent-pdf-report\1.7.4\extent-pdf-report-1.7.4.jar;C:\Users\2119473\.m2\repository\tech\grasshopper\cucumber-pdf-report\2.2.4\cucumber-pdf-report-2.2.4.jar;C:\Users\2119473\.m2\repository\org\apache\pdfbox\pdfbox\2.0.22\pdfbox-2.0.22.jar;C:\Users\2119473\.m2\repository\org\apache\pdfbox\fontbox\2.0.22\fontbox-2.0.22.jar;C:\Users\2119473\.m2\repository\org\knowm\xchart\xchart\3.8.0\xchart-3.8.0.jar;C:\Users\2119473\.m2\repository\de\erichseifert\vectorgraphics2d\VectorGraphics2D\0.13\VectorGraphics2D-0.13.jar;C:\Users\2119473\.m2\repository\de\rototor\pdfbox\graphics2d\0.30\graphics2d-0.30.jar;C:\Users\2119473\.m2\repository\com\madgag\animated-gif-lib\1.4\animated-gif-lib-1.4.jar;C:\Users\2119473\.m2\repository\org\yaml\snakeyaml\1.28\snakeyaml-1.28.jar;C:\Users\2119473\.m2\repository\tech\grasshopper\table-layout\1.2.0\table-layout-1.2.0.jar;C:\Users\2119473\.m2\repository\org\jsoup\jsoup\1.13.1\jsoup-1.13.1.jar;C:\Users\2119473\.m2\repository\com\aventstack\klov-reporter\5.0.9\klov-reporter-5.0.9.jar;C:\Users\2119473\.m2\repository\org\mongodb\mongodb-driver\3.6.4\mongodb-driver-3.6.4.jar;C:\Users\2119473\.m2\repository\org\mongodb\mongodb-driver-core\3.6.4\mongodb-driver-core-3.6.4.jar;C:\Users\2119473\.m2\repository\org\mongodb\bson\3.6.4\bson-3.6.4.jar;C:\Users\2119473\.m2\repository\tech\grasshopper\htmlextentreporter\1.0.0\htmlextentreporter-1.0.0.jar;C:\Users\2119473\.m2\repository\com\aventstack\extentreports\5.0.9\extentreports-5.0.9.jar;C:\Users\2119473\.m2\repository\io\reactivex\rxjava3\rxjava\3.0.4\rxjava-3.0.4.jar;C:\Users\2119473\.m2\repository\org\reactivestreams\reactive-streams\1.0.3\reactive-streams-1.0.3.jar;C:\Users\2119473\.m2\repository\org\freemarker\freemarker\2.3.30\freemarker-2.3.30.jar;C:\Users\2119473\.m2\repository\org\projectlombok\lombok\1.18.12\lombok-1.18.12.jar;C:\Users\2119473\.m2\repository\com\google\code\gson\gson\2.8.6\gson-2.8.6.jar;C:\Users\2119473\.m2\repository\io\cucumber\cucumber-picocontainer\7.2.3\cucumber-picocontainer-7.2.3.jar;C:\Users\2119473\.m2\repository\org\picocontainer\picocontainer\2.15\picocontainer-2.15.jar;C:\Users\2119473\.m2\repository\io\cucumber\cucumber-testng\7.2.3\cucumber-testng-7.2.3.jar;C:\Users\2119473\.m2\repository\org\testng\testng\7.4.0\testng-7.4.0.jar;C:\Users\2119473\.m2\repository\com\beust\jcommander\1.78\jcommander-1.78.jar;C:\Users\2119473\.m2\repository\org\webjars\jquery\3.5.1\jquery-3.5.1.jar;C:\Users\2119473\.m2\repository\org\seleniumhq\selenium\selenium-java\4.1.1\selenium-java-4.1.1.jar;C:\Users\2119473\.m2\repository\org\seleniumhq\selenium\selenium-api\4.1.1\selenium-api-4.1.1.jar;C:\Users\2119473\.m2\repository\org\seleniumhq\selenium\selenium-chrome-driver\4.1.1\selenium-chrome-driver-4.1.1.jar;C:\Users\2119473\.m2\repository\com\google\auto\service\auto-service-annotations\1.0.1\auto-service-annotations-1.0.1.jar;C:\Users\2119473\.m2\repository\com\google\auto\service\auto-service\1.0.1\auto-service-1.0.1.jar;C:\Users\2119473\.m2\repository\com\google\auto\auto-common\1.2\auto-common-1.2.jar;C:\Users\2119473\.m2\repository\com\google\guava\guava\31.0.1-jre\guava-31.0.1-jre.jar;C:\Users\2119473\.m2\repository\com\google\guava\failureaccess\1.0.1\failureaccess-1.0.1.jar;C:\Users\2119473\.m2\repository\com\google\guava\listenablefuture\9999.0-empty-to-avoid-conflict-with-guava\listenablefuture-9999.0-empty-to-avoid-conflict-with-guava.jar;C:\Users\2119473\.m2\repository\com\google\code\findbugs\jsr305\3.0.2\jsr305-3.0.2.jar;C:\Users\2119473\.m2\repository\org\checkerframework\checker-qual\3.12.0\checker-qual-3.12.0.jar;C:\Users\2119473\.m2\repository\com\google\errorprone\error_prone_annotations\2.7.1\error_prone_annotations-2.7.1.jar;C:\Users\2119473\.m2\repository\com\google\j2objc\j2objc-annotations\1.3\j2objc-annotations-1.3.jar;C:\Users\2119473\.m2\repository\org\seleniumhq\selenium\selenium-chromium-driver\4.1.1\selenium-chromium-driver-4.1.1.jar;C:\Users\2119473\.m2\repository\org\seleniumhq\selenium\selenium-json\4.1.1\selenium-json-4.1.1.jar;C:\Users\2119473\.m2\repository\org\seleniumhq\selenium\selenium-devtools-v85\4.1.1\selenium-devtools-v85-4.1.1.jar;C:\Users\2119473\.m2\repository\org\seleniumhq\selenium\selenium-devtools-v94\4.1.1\selenium-devtools-v94-4.1.1.jar;C:\Users\2119473\.m2\repository\org\seleniumhq\selenium\selenium-devtools-v95\4.1.1\selenium-devtools-v95-4.1.1.jar;C:\Users\2119473\.m2\repository\org\seleniumhq\selenium\selenium-devtools-v96\4.1.1\selenium-devtools-v96-4.1.1.jar;C:\Users\2119473\.m2\repository\org\seleniumhq\selenium\selenium-edge-driver\4.1.1\selenium-edge-driver-4.1.1.jar;C:\Users\2119473\.m2\repository\org\seleniumhq\selenium\selenium-firefox-driver\4.1.1\selenium-firefox-driver-4.1.1.jar;C:\Users\2119473\.m2\repository\org\seleniumhq\selenium\selenium-firefox-xpi-driver\4.1.1\selenium-firefox-xpi-driver-4.1.1.jar;C:\Users\2119473\.m2\repository\org\seleniumhq\selenium\selenium-ie-driver\4.1.1\selenium-ie-driver-4.1.1.jar;C:\Users\2119473\.m2\repository\org\seleniumhq\selenium\selenium-opera-driver\4.1.1\selenium-opera-driver-4.1.1.jar;C:\Users\2119473\.m2\repository\org\seleniumhq\selenium\selenium-remote-driver\4.1.1\selenium-remote-driver-4.1.1.jar;C:\Users\2119473\.m2\repository\io\netty\netty-buffer\4.1.70.Final\netty-buffer-4.1.70.Final.jar;C:\Users\2119473\.m2\repository\io\netty\netty-codec-http\4.1.70.Final\netty-codec-http-4.1.70.Final.jar;C:\Users\2119473\.m2\repository\io\netty\netty-codec\4.1.70.Final\netty-codec-4.1.70.Final.jar;C:\Users\2119473\.m2\repository\io\netty\netty-handler\4.1.70.Final\netty-handler-4.1.70.Final.jar;C:\Users\2119473\.m2\repository\io\netty\netty-common\4.1.70.Final\netty-common-4.1.70.Final.jar;C:\Users\2119473\.m2\repository\io\netty\netty-transport-classes-epoll\4.1.70.Final\netty-transport-classes-epoll-4.1.70.Final.jar;C:\Users\2119473\.m2\repository\io\netty\netty-transport-classes-kqueue\4.1.70.Final\netty-transport-classes-kqueue-4.1.70.Final.jar;C:\Users\2119473\.m2\repository\io\netty\netty-transport-native-unix-common\4.1.70.Final\netty-transport-native-unix-common-4.1.70.Final.jar;C:\Users\2119473\.m2\repository\io\netty\netty-transport\4.1.70.Final\netty-transport-4.1.70.Final.jar;C:\Users\2119473\.m2\repository\io\netty\netty-resolver\4.1.70.Final\netty-resolver-4.1.70.Final.jar;C:\Users\2119473\.m2\repository\io\opentelemetry\opentelemetry-api\1.9.1\opentelemetry-api-1.9.1.jar;C:\Users\2119473\.m2\repository\io\opentelemetry\opentelemetry-context\1.9.1\opentelemetry-context-1.9.1.jar;C:\Users\2119473\.m2\repository\io\opentelemetry\opentelemetry-exporter-logging\1.9.1\opentelemetry-exporter-logging-1.9.1.jar;C:\Users\2119473\.m2\repository\io\opentelemetry\opentelemetry-sdk-metrics\1.9.1-alpha\opentelemetry-sdk-metrics-1.9.1-alpha.jar;C:\Users\2119473\.m2\repository\io\opentelemetry\opentelemetry-sdk-logs\1.9.1-alpha\opentelemetry-sdk-logs-1.9.1-alpha.jar;C:\Users\2119473\.m2\repository\com\fasterxml\jackson\core\jackson-databind\2.13.0\jackson-databind-2.13.0.jar;C:\Users\2119473\.m2\repository\com\fasterxml\jackson\core\jackson-annotations\2.13.0\jackson-annotations-2.13.0.jar;C:\Users\2119473\.m2\repository\com\fasterxml\jackson\core\jackson-core\2.13.0\jackson-core-2.13.0.jar;C:\Users\2119473\.m2\repository\io\opentelemetry\opentelemetry-sdk-common\1.9.1\opentelemetry-sdk-common-1.9.1.jar;C:\Users\2119473\.m2\repository\io\opentelemetry\opentelemetry-sdk-extension-autoconfigure-spi\1.9.1\opentelemetry-sdk-extension-autoconfigure-spi-1.9.1.jar;C:\Users\2119473\.m2\repository\io\opentelemetry\opentelemetry-sdk-extension-autoconfigure\1.9.1-alpha\opentelemetry-sdk-extension-autoconfigure-1.9.1-alpha.jar;C:\Users\2119473\.m2\repository\io\opentelemetry\opentelemetry-sdk-trace\1.9.1\opentelemetry-sdk-trace-1.9.1.jar;C:\Users\2119473\.m2\repository\io\opentelemetry\opentelemetry-api-metrics\1.9.1-alpha\opentelemetry-api-metrics-1.9.1-alpha.jar;C:\Users\2119473\.m2\repository\io\opentelemetry\opentelemetry-sdk\1.9.1\opentelemetry-sdk-1.9.1.jar;C:\Users\2119473\.m2\repository\io\opentelemetry\opentelemetry-semconv\1.9.1-alpha\opentelemetry-semconv-1.9.1-alpha.jar;C:\Users\2119473\.m2\repository\io\ous\jtoml\2.0.0\jtoml-2.0.0.jar;C:\Users\2119473\.m2\repository\net\bytebuddy\byte-buddy\1.12.2\byte-buddy-1.12.2.jar;C:\Users\2119473\.m2\repository\org\apache\commons\commons-exec\1.3\commons-exec-1.3.jar;C:\Users\2119473\.m2\repository\org\asynchttpclient\async-http-client\2.12.3\async-http-client-2.12.3.jar;C:\Users\2119473\.m2\repository\org\asynchttpclient\async-http-client-netty-utils\2.12.3\async-http-client-netty-utils-2.12.3.jar;C:\Users\2119473\.m2\repository\io\netty\netty-codec-socks\4.1.60.Final\netty-codec-socks-4.1.60.Final.jar;C:\Users\2119473\.m2\repository\io\netty\netty-handler-proxy\4.1.60.Final\netty-handler-proxy-4.1.60.Final.jar;C:\Users\2119473\.m2\repository\io\netty\netty-transport-native-epoll\4.1.60.Final\netty-transport-native-epoll-4.1.60.Final-linux-x86_64.jar;C:\Users\2119473\.m2\repository\io\netty\netty-transport-native-kqueue\4.1.60.Final\netty-transport-native-kqueue-4.1.60.Final-osx-x86_64.jar;C:\Users\2119473\.m2\repository\com\typesafe\netty\netty-reactive-streams\2.0.4\netty-reactive-streams-2.0.4.jar;C:\Users\2119473\.m2\repository\org\slf4j\slf4j-api\1.7.30\slf4j-api-1.7.30.jar;C:\Users\2119473\.m2\repository\com\sun\activation\jakarta.activation\1.2.2\jakarta.activation-1.2.2.jar;C:\Users\2119473\.m2\repository\org\seleniumhq\selenium\selenium-http\4.1.1\selenium-http-4.1.1.jar;C:\Users\2119473\.m2\repository\net\jodah\failsafe\2.4.4\failsafe-2.4.4.jar;C:\Users\2119473\.m2\repository\org\seleniumhq\selenium\selenium-safari-driver\4.1.1\selenium-safari-driver-4.1.1.jar;C:\Users\2119473\.m2\repository\org\seleniumhq\selenium\selenium-support\4.1.1\selenium-support-4.1.1.jar;C:\Users\2119473\.m2\repository\io\rest-assured\rest-assured\4.5.1\rest-assured-4.5.1.jar;C:\Users\2119473\.m2\repository\org\codehaus\groovy\groovy\3.0.9\groovy-3.0.9.jar;C:\Users\2119473\.m2\repository\org\codehaus\groovy\groovy-xml\3.0.9\groovy-xml-3.0.9.jar;C:\Users\2119473\.m2\repository\org\apache\httpcomponents\httpclient\4.5.13\httpclient-4.5.13.jar;C:\Users\2119473\.m2\repository\org\apache\httpcomponents\httpcore\4.4.13\httpcore-4.4.13.jar;C:\Users\2119473\.m2\repository\commons-logging\commons-logging\1.2\commons-logging-1.2.jar;C:\Users\2119473\.m2\repository\commons-codec\commons-codec\1.11\commons-codec-1.11.jar;C:\Users\2119473\.m2\repository\org\apache\httpcomponents\httpmime\4.5.13\httpmime-4.5.13.jar;C:\Users\2119473\.m2\repository\org\hamcrest\hamcrest\2.1\hamcrest-2.1.jar;C:\Users\2119473\.m2\repository\org\ccil\cowan\tagsoup\tagsoup\1.2.1\tagsoup-1.2.1.jar;C:\Users\2119473\.m2\repository\io\rest-assured\json-path\4.5.1\json-path-4.5.1.jar;C:\Users\2119473\.m2\repository\org\codehaus\groovy\groovy-json\3.0.9\groovy-json-3.0.9.jar;C:\Users\2119473\.m2\repository\io\rest-assured\rest-assured-common\4.5.1\rest-assured-common-4.5.1.jar;C:\Users\2119473\.m2\repository\io\rest-assured\xml-path\4.5.1\xml-path-4.5.1.jar;C:\Users\2119473\.m2\repository\org\apache\commons\commons-lang3\3.11\commons-lang3-3.11.jar;"/>
    <property name="java.vm.vendor" value="Oracle Corporation"/>
    <property name="sun.arch.data.model" value="64"/>
    <property name="user.variant" value=""/>
    <property name="java.vendor.url" value="http://java.oracle.com/"/>
    <property name="user.timezone" value="Asia/Singapore"/>
    <property name="java.vm.specification.version" value="1.8"/>
    <property name="os.name" value="Windows 10"/>
    <property name="user.country" value="SG"/>
    <property name="sun.java.launcher" value="SUN_STANDARD"/>
    <property name="sun.boot.library.path" value="C:\Program Files\Java\jre1.8.0_321\bin"/>
    <property name="sun.java.command" value="C:\Users\2119473\AppData\Local\Temp\surefire6958191451474050444\surefirebooter8423823542252005910.jar C:\Users\2119473\AppData\Local\Temp\surefire6958191451474050444 2022-02-24T17-47-08_597-jvmRun1 surefire4400521940428788630tmp surefire_039412093124472276tmp"/>
    <property name="surefire.test.class.path" value="C:\Elsa\TechChallenge\TheOPPENHEIMER\target\test-classes;C:\Elsa\TechChallenge\TheOPPENHEIMER\target\classes;C:\Users\2119473\.m2\repository\io\cucumber\cucumber-java\7.2.3\cucumber-java-7.2.3.jar;C:\Users\2119473\.m2\repository\io\cucumber\cucumber-core\7.2.3\cucumber-core-7.2.3.jar;C:\Users\2119473\.m2\repository\io\cucumber\cucumber-gherkin\7.2.3\cucumber-gherkin-7.2.3.jar;C:\Users\2119473\.m2\repository\io\cucumber\cucumber-gherkin-messages\7.2.3\cucumber-gherkin-messages-7.2.3.jar;C:\Users\2119473\.m2\repository\io\cucumber\messages\17.1.1\messages-17.1.1.jar;C:\Users\2119473\.m2\repository\io\cucumber\tag-expressions\4.1.0\tag-expressions-4.1.0.jar;C:\Users\2119473\.m2\repository\io\cucumber\cucumber-expressions\15.0.1\cucumber-expressions-15.0.1.jar;C:\Users\2119473\.m2\repository\io\cucumber\datatable\7.2.3\datatable-7.2.3.jar;C:\Users\2119473\.m2\repository\io\cucumber\cucumber-plugin\7.2.3\cucumber-plugin-7.2.3.jar;C:\Users\2119473\.m2\repository\io\cucumber\docstring\7.2.3\docstring-7.2.3.jar;C:\Users\2119473\.m2\repository\io\cucumber\html-formatter\17.0.0\html-formatter-17.0.0.jar;C:\Users\2119473\.m2\repository\io\cucumber\ci-environment\8.1.0\ci-environment-8.1.0.jar;C:\Users\2119473\.m2\repository\org\apiguardian\apiguardian-api\1.1.2\apiguardian-api-1.1.2.jar;C:\Users\2119473\.m2\repository\commons-io\commons-io\2.11.0\commons-io-2.11.0.jar;C:\Users\2119473\.m2\repository\tech\grasshopper\extentreports-cucumber7-adapter\1.2.0\extentreports-cucumber7-adapter-1.2.0.jar;C:\Users\2119473\.m2\repository\tech\grasshopper\extent-pdf-report\1.7.4\extent-pdf-report-1.7.4.jar;C:\Users\2119473\.m2\repository\tech\grasshopper\cucumber-pdf-report\2.2.4\cucumber-pdf-report-2.2.4.jar;C:\Users\2119473\.m2\repository\org\apache\pdfbox\pdfbox\2.0.22\pdfbox-2.0.22.jar;C:\Users\2119473\.m2\repository\org\apache\pdfbox\fontbox\2.0.22\fontbox-2.0.22.jar;C:\Users\2119473\.m2\repository\org\knowm\xchart\xchart\3.8.0\xchart-3.8.0.jar;C:\Users\2119473\.m2\repository\de\erichseifert\vectorgraphics2d\VectorGraphics2D\0.13\VectorGraphics2D-0.13.jar;C:\Users\2119473\.m2\repository\de\rototor\pdfbox\graphics2d\0.30\graphics2d-0.30.jar;C:\Users\2119473\.m2\repository\com\madgag\animated-gif-lib\1.4\animated-gif-lib-1.4.jar;C:\Users\2119473\.m2\repository\org\yaml\snakeyaml\1.28\snakeyaml-1.28.jar;C:\Users\2119473\.m2\repository\tech\grasshopper\table-layout\1.2.0\table-layout-1.2.0.jar;C:\Users\2119473\.m2\repository\org\jsoup\jsoup\1.13.1\jsoup-1.13.1.jar;C:\Users\2119473\.m2\repository\com\aventstack\klov-reporter\5.0.9\klov-reporter-5.0.9.jar;C:\Users\2119473\.m2\repository\org\mongodb\mongodb-driver\3.6.4\mongodb-driver-3.6.4.jar;C:\Users\2119473\.m2\repository\org\mongodb\mongodb-driver-core\3.6.4\mongodb-driver-core-3.6.4.jar;C:\Users\2119473\.m2\repository\org\mongodb\bson\3.6.4\bson-3.6.4.jar;C:\Users\2119473\.m2\repository\tech\grasshopper\htmlextentreporter\1.0.0\htmlextentreporter-1.0.0.jar;C:\Users\2119473\.m2\repository\com\aventstack\extentreports\5.0.9\extentreports-5.0.9.jar;C:\Users\2119473\.m2\repository\io\reactivex\rxjava3\rxjava\3.0.4\rxjava-3.0.4.jar;C:\Users\2119473\.m2\repository\org\reactivestreams\reactive-streams\1.0.3\reactive-streams-1.0.3.jar;C:\Users\2119473\.m2\repository\org\freemarker\freemarker\2.3.30\freemarker-2.3.30.jar;C:\Users\2119473\.m2\repository\org\projectlombok\lombok\1.18.12\lombok-1.18.12.jar;C:\Users\2119473\.m2\repository\com\google\code\gson\gson\2.8.6\gson-2.8.6.jar;C:\Users\2119473\.m2\repository\io\cucumber\cucumber-picocontainer\7.2.3\cucumber-picocontainer-7.2.3.jar;C:\Users\2119473\.m2\repository\org\picocontainer\picocontainer\2.15\picocontainer-2.15.jar;C:\Users\2119473\.m2\repository\io\cucumber\cucumber-testng\7.2.3\cucumber-testng-7.2.3.jar;C:\Users\2119473\.m2\repository\org\testng\testng\7.4.0\testng-7.4.0.jar;C:\Users\2119473\.m2\repository\com\beust\jcommander\1.78\jcommander-1.78.jar;C:\Users\2119473\.m2\repository\org\webjars\jquery\3.5.1\jquery-3.5.1.jar;C:\Users\2119473\.m2\repository\org\seleniumhq\selenium\selenium-java\4.1.1\selenium-java-4.1.1.jar;C:\Users\2119473\.m2\repository\org\seleniumhq\selenium\selenium-api\4.1.1\selenium-api-4.1.1.jar;C:\Users\2119473\.m2\repository\org\seleniumhq\selenium\selenium-chrome-driver\4.1.1\selenium-chrome-driver-4.1.1.jar;C:\Users\2119473\.m2\repository\com\google\auto\service\auto-service-annotations\1.0.1\auto-service-annotations-1.0.1.jar;C:\Users\2119473\.m2\repository\com\google\auto\service\auto-service\1.0.1\auto-service-1.0.1.jar;C:\Users\2119473\.m2\repository\com\google\auto\auto-common\1.2\auto-common-1.2.jar;C:\Users\2119473\.m2\repository\com\google\guava\guava\31.0.1-jre\guava-31.0.1-jre.jar;C:\Users\2119473\.m2\repository\com\google\guava\failureaccess\1.0.1\failureaccess-1.0.1.jar;C:\Users\2119473\.m2\repository\com\google\guava\listenablefuture\9999.0-empty-to-avoid-conflict-with-guava\listenablefuture-9999.0-empty-to-avoid-conflict-with-guava.jar;C:\Users\2119473\.m2\repository\com\google\code\findbugs\jsr305\3.0.2\jsr305-3.0.2.jar;C:\Users\2119473\.m2\repository\org\checkerframework\checker-qual\3.12.0\checker-qual-3.12.0.jar;C:\Users\2119473\.m2\repository\com\google\errorprone\error_prone_annotations\2.7.1\error_prone_annotations-2.7.1.jar;C:\Users\2119473\.m2\repository\com\google\j2objc\j2objc-annotations\1.3\j2objc-annotations-1.3.jar;C:\Users\2119473\.m2\repository\org\seleniumhq\selenium\selenium-chromium-driver\4.1.1\selenium-chromium-driver-4.1.1.jar;C:\Users\2119473\.m2\repository\org\seleniumhq\selenium\selenium-json\4.1.1\selenium-json-4.1.1.jar;C:\Users\2119473\.m2\repository\org\seleniumhq\selenium\selenium-devtools-v85\4.1.1\selenium-devtools-v85-4.1.1.jar;C:\Users\2119473\.m2\repository\org\seleniumhq\selenium\selenium-devtools-v94\4.1.1\selenium-devtools-v94-4.1.1.jar;C:\Users\2119473\.m2\repository\org\seleniumhq\selenium\selenium-devtools-v95\4.1.1\selenium-devtools-v95-4.1.1.jar;C:\Users\2119473\.m2\repository\org\seleniumhq\selenium\selenium-devtools-v96\4.1.1\selenium-devtools-v96-4.1.1.jar;C:\Users\2119473\.m2\repository\org\seleniumhq\selenium\selenium-edge-driver\4.1.1\selenium-edge-driver-4.1.1.jar;C:\Users\2119473\.m2\repository\org\seleniumhq\selenium\selenium-firefox-driver\4.1.1\selenium-firefox-driver-4.1.1.jar;C:\Users\2119473\.m2\repository\org\seleniumhq\selenium\selenium-firefox-xpi-driver\4.1.1\selenium-firefox-xpi-driver-4.1.1.jar;C:\Users\2119473\.m2\repository\org\seleniumhq\selenium\selenium-ie-driver\4.1.1\selenium-ie-driver-4.1.1.jar;C:\Users\2119473\.m2\repository\org\seleniumhq\selenium\selenium-opera-driver\4.1.1\selenium-opera-driver-4.1.1.jar;C:\Users\2119473\.m2\repository\org\seleniumhq\selenium\selenium-remote-driver\4.1.1\selenium-remote-driver-4.1.1.jar;C:\Users\2119473\.m2\repository\io\netty\netty-buffer\4.1.70.Final\netty-buffer-4.1.70.Final.jar;C:\Users\2119473\.m2\repository\io\netty\netty-codec-http\4.1.70.Final\netty-codec-http-4.1.70.Final.jar;C:\Users\2119473\.m2\repository\io\netty\netty-codec\4.1.70.Final\netty-codec-4.1.70.Final.jar;C:\Users\2119473\.m2\repository\io\netty\netty-handler\4.1.70.Final\netty-handler-4.1.70.Final.jar;C:\Users\2119473\.m2\repository\io\netty\netty-common\4.1.70.Final\netty-common-4.1.70.Final.jar;C:\Users\2119473\.m2\repository\io\netty\netty-transport-classes-epoll\4.1.70.Final\netty-transport-classes-epoll-4.1.70.Final.jar;C:\Users\2119473\.m2\repository\io\netty\netty-transport-classes-kqueue\4.1.70.Final\netty-transport-classes-kqueue-4.1.70.Final.jar;C:\Users\2119473\.m2\repository\io\netty\netty-transport-native-unix-common\4.1.70.Final\netty-transport-native-unix-common-4.1.70.Final.jar;C:\Users\2119473\.m2\repository\io\netty\netty-transport\4.1.70.Final\netty-transport-4.1.70.Final.jar;C:\Users\2119473\.m2\repository\io\netty\netty-resolver\4.1.70.Final\netty-resolver-4.1.70.Final.jar;C:\Users\2119473\.m2\repository\io\opentelemetry\opentelemetry-api\1.9.1\opentelemetry-api-1.9.1.jar;C:\Users\2119473\.m2\repository\io\opentelemetry\opentelemetry-context\1.9.1\opentelemetry-context-1.9.1.jar;C:\Users\2119473\.m2\repository\io\opentelemetry\opentelemetry-exporter-logging\1.9.1\opentelemetry-exporter-logging-1.9.1.jar;C:\Users\2119473\.m2\repository\io\opentelemetry\opentelemetry-sdk-metrics\1.9.1-alpha\opentelemetry-sdk-metrics-1.9.1-alpha.jar;C:\Users\2119473\.m2\repository\io\opentelemetry\opentelemetry-sdk-logs\1.9.1-alpha\opentelemetry-sdk-logs-1.9.1-alpha.jar;C:\Users\2119473\.m2\repository\com\fasterxml\jackson\core\jackson-databind\2.13.0\jackson-databind-2.13.0.jar;C:\Users\2119473\.m2\repository\com\fasterxml\jackson\core\jackson-annotations\2.13.0\jackson-annotations-2.13.0.jar;C:\Users\2119473\.m2\repository\com\fasterxml\jackson\core\jackson-core\2.13.0\jackson-core-2.13.0.jar;C:\Users\2119473\.m2\repository\io\opentelemetry\opentelemetry-sdk-common\1.9.1\opentelemetry-sdk-common-1.9.1.jar;C:\Users\2119473\.m2\repository\io\opentelemetry\opentelemetry-sdk-extension-autoconfigure-spi\1.9.1\opentelemetry-sdk-extension-autoconfigure-spi-1.9.1.jar;C:\Users\2119473\.m2\repository\io\opentelemetry\opentelemetry-sdk-extension-autoconfigure\1.9.1-alpha\opentelemetry-sdk-extension-autoconfigure-1.9.1-alpha.jar;C:\Users\2119473\.m2\repository\io\opentelemetry\opentelemetry-sdk-trace\1.9.1\opentelemetry-sdk-trace-1.9.1.jar;C:\Users\2119473\.m2\repository\io\opentelemetry\opentelemetry-api-metrics\1.9.1-alpha\opentelemetry-api-metrics-1.9.1-alpha.jar;C:\Users\2119473\.m2\repository\io\opentelemetry\opentelemetry-sdk\1.9.1\opentelemetry-sdk-1.9.1.jar;C:\Users\2119473\.m2\repository\io\opentelemetry\opentelemetry-semconv\1.9.1-alpha\opentelemetry-semconv-1.9.1-alpha.jar;C:\Users\2119473\.m2\repository\io\ous\jtoml\2.0.0\jtoml-2.0.0.jar;C:\Users\2119473\.m2\repository\net\bytebuddy\byte-buddy\1.12.2\byte-buddy-1.12.2.jar;C:\Users\2119473\.m2\repository\org\apache\commons\commons-exec\1.3\commons-exec-1.3.jar;C:\Users\2119473\.m2\repository\org\asynchttpclient\async-http-client\2.12.3\async-http-client-2.12.3.jar;C:\Users\2119473\.m2\repository\org\asynchttpclient\async-http-client-netty-utils\2.12.3\async-http-client-netty-utils-2.12.3.jar;C:\Users\2119473\.m2\repository\io\netty\netty-codec-socks\4.1.60.Final\netty-codec-socks-4.1.60.Final.jar;C:\Users\2119473\.m2\repository\io\netty\netty-handler-proxy\4.1.60.Final\netty-handler-proxy-4.1.60.Final.jar;C:\Users\2119473\.m2\repository\io\netty\netty-transport-native-epoll\4.1.60.Final\netty-transport-native-epoll-4.1.60.Final-linux-x86_64.jar;C:\Users\2119473\.m2\repository\io\netty\netty-transport-native-kqueue\4.1.60.Final\netty-transport-native-kqueue-4.1.60.Final-osx-x86_64.jar;C:\Users\2119473\.m2\repository\com\typesafe\netty\netty-reactive-streams\2.0.4\netty-reactive-streams-2.0.4.jar;C:\Users\2119473\.m2\repository\org\slf4j\slf4j-api\1.7.30\slf4j-api-1.7.30.jar;C:\Users\2119473\.m2\repository\com\sun\activation\jakarta.activation\1.2.2\jakarta.activation-1.2.2.jar;C:\Users\2119473\.m2\repository\org\seleniumhq\selenium\selenium-http\4.1.1\selenium-http-4.1.1.jar;C:\Users\2119473\.m2\repository\net\jodah\failsafe\2.4.4\failsafe-2.4.4.jar;C:\Users\2119473\.m2\repository\org\seleniumhq\selenium\selenium-safari-driver\4.1.1\selenium-safari-driver-4.1.1.jar;C:\Users\2119473\.m2\repository\org\seleniumhq\selenium\selenium-support\4.1.1\selenium-support-4.1.1.jar;C:\Users\2119473\.m2\repository\io\rest-assured\rest-assured\4.5.1\rest-assured-4.5.1.jar;C:\Users\2119473\.m2\repository\org\codehaus\groovy\groovy\3.0.9\groovy-3.0.9.jar;C:\Users\2119473\.m2\repository\org\codehaus\groovy\groovy-xml\3.0.9\groovy-xml-3.0.9.jar;C:\Users\2119473\.m2\repository\org\apache\httpcomponents\httpclient\4.5.13\httpclient-4.5.13.jar;C:\Users\2119473\.m2\repository\org\apache\httpcomponents\httpcore\4.4.13\httpcore-4.4.13.jar;C:\Users\2119473\.m2\repository\commons-logging\commons-logging\1.2\commons-logging-1.2.jar;C:\Users\2119473\.m2\repository\commons-codec\commons-codec\1.11\commons-codec-1.11.jar;C:\Users\2119473\.m2\repository\org\apache\httpcomponents\httpmime\4.5.13\httpmime-4.5.13.jar;C:\Users\2119473\.m2\repository\org\hamcrest\hamcrest\2.1\hamcrest-2.1.jar;C:\Users\2119473\.m2\repository\org\ccil\cowan\tagsoup\tagsoup\1.2.1\tagsoup-1.2.1.jar;C:\Users\2119473\.m2\repository\io\rest-assured\json-path\4.5.1\json-path-4.5.1.jar;C:\Users\2119473\.m2\repository\org\codehaus\groovy\groovy-json\3.0.9\groovy-json-3.0.9.jar;C:\Users\2119473\.m2\repository\io\rest-assured\rest-assured-common\4.5.1\rest-assured-common-4.5.1.jar;C:\Users\2119473\.m2\repository\io\rest-assured\xml-path\4.5.1\xml-path-4.5.1.jar;C:\Users\2119473\.m2\repository\org\apache\commons\commons-lang3\3.11\commons-lang3-3.11.jar;"/>
    <property name="sun.cpu.endian" value="little"/>
    <property name="user.home" value="C:\Users\2119473"/>
    <property name="user.language" value="en"/>
    <property name="java.specification.vendor" value="Oracle Corporation"/>
    <property name="java.home" value="C:\Program Files\Java\jre1.8.0_321"/>
    <property name="basedir" value="C:\Elsa\TechChallenge\TheOPPENHEIMER"/>
    <property name="file.separator" value="\"/>
    <property name="line.separator" value="&#10;"/>
    <property name="java.vm.specification.vendor" value="Oracle Corporation"/>
    <property name="java.specification.name" value="Java Platform API Specification"/>
    <property name="java.awt.graphicsenv" value="sun.awt.Win32GraphicsEnvironment"/>
    <property name="surefire.real.class.path" value="C:\Users\2119473\AppData\Local\Temp\surefire6958191451474050444\surefirebooter8423823542252005910.jar"/>
    <property name="sun.boot.class.path" value="C:\Program Files\Java\jre1.8.0_321\lib\resources.jar;C:\Program Files\Java\jre1.8.0_321\lib\rt.jar;C:\Program Files\Java\jre1.8.0_321\lib\sunrsasign.jar;C:\Program Files\Java\jre1.8.0_321\lib\jsse.jar;C:\Program Files\Java\jre1.8.0_321\lib\jce.jar;C:\Program Files\Java\jre1.8.0_321\lib\charsets.jar;C:\Program Files\Java\jre1.8.0_321\lib\jfr.jar;C:\Program Files\Java\jre1.8.0_321\classes"/>
    <property name="user.script" value=""/>
    <property name="sun.management.compiler" value="HotSpot 64-Bit Tiered Compilers"/>
    <property name="java.runtime.version" value="1.8.0_321-b07"/>
    <property name="user.name" value="2119473"/>
    <property name="path.separator" value=";"/>
    <property name="os.version" value="10.0"/>
    <property name="java.endorsed.dirs" value="C:\Program Files\Java\jre1.8.0_321\lib\endorsed"/>
    <property name="java.runtime.name" value="Java(TM) SE Runtime Environment"/>
    <property name="file.encoding" value="Cp1252"/>
    <property name="sun.nio.ch.bugLevel" value=""/>
    <property name="java.vm.name" value="Java HotSpot(TM) 64-Bit Server VM"/>
    <property name="localRepository" value="C:\Users\2119473\.m2\repository"/>
    <property name="java.vendor.url.bug" value="http://bugreport.sun.com/bugreport/"/>
    <property name="java.io.tmpdir" value="C:\Users\2119473\AppData\Local\Temp\"/>
    <property name="java.version" value="1.8.0_321"/>
    <property name="user.dir" value="C:\Elsa\TechChallenge\TheOPPENHEIMER"/>
    <property name="os.arch" value="amd64"/>
    <property name="java.vm.specification.name" value="Java Virtual Machine Specification"/>
    <property name="java.awt.printerjob" value="sun.awt.windows.WPrinterJob"/>
    <property name="sun.os.patch.level" value=""/>
    <property name="java.library.path" value="C:\Program Files\Java\jre1.8.0_321\bin;C:\windows\Sun\Java\bin;C:\windows\system32;C:\windows;C:/Program Files/Java/jdk1.8.0_311/bin/../jre/bin/server;C:/Program Files/Java/jdk1.8.0_311/bin/../jre/bin;C:/Program Files/Java/jdk1.8.0_311/bin/../jre/lib/amd64;C:\windows\system32;C:\windows;C:\windows\System32\Wbem;C:\windows\System32\WindowsPowerShell\v1.0\;C:\windows\System32\OpenSSH\;C:\Program Files\Java\jdk1.8.0_311\bin;C:\Program Files (x86)\git-cola\bin;C:\Program Files\Git\cmd;C:\Program Files\nodejs\;C:\Users\2119473\AppData\Local\Microsoft\WindowsApps;C:\Users\2119473\AppData\Roaming\npm;C:\Training\Softwares\eclipse-jee-neon-3-win32-x86_64\eclipse;;."/>
    <property name="java.vm.info" value="mixed mode"/>
    <property name="java.vendor" value="Oracle Corporation"/>
    <property name="java.vm.version" value="25.321-b07"/>
    <property name="java.ext.dirs" value="C:\Program Files\Java\jre1.8.0_321\lib\ext;C:\windows\Sun\Java\lib\ext"/>
    <property name="sun.io.unicode.encoding" value="UnicodeLittle"/>
    <property name="java.class.version" value="52.0"/>
  </properties>
  <testcase name="runScenario[&quot;To test the getTaxRelief API&quot;, &quot;Optional[To Check API is working]&quot;](1)" classname="cucumberOptions.TestNGTestRunner" time="9.759">
    <system-out><![CDATA[Response Code is200[{"natid":"1231$$","name":"Ajith1","relief":"7000.00"},{"natid":"1241$$","name":"Ajith2","relief":"7000.00"},{"natid":"1251$$","name":"Ajith3","relief":"5600.00"},{"natid":"1261$$","name":"Ajith4","relief":"5600.00"},{"natid":"1271$$","name":"Ajith5","relief":"5600.00"},{"natid":"1281$$","name":"Ajith6","relief":"3500.00"},{"natid":"1291$$","name":"Ajith7","relief":"3500.00"},{"natid":"1301$$","name":"Ajith8","relief":"3500.00"},{"natid":"1311$$","name":"Ajith9","relief":"2569.00"},{"natid":"1321$$","name":"Ajith10","relief":"2569.00"},{"natid":"1331$$","name":"Ajith11","relief":"2569.00"},{"natid":"1341$$","name":"Ajith12","relief":"350.00"},{"natid":"2231$$","name":"Elsa1","relief":"7500.00"},{"natid":"2241$$","name":"Elsa2","relief":"7500.00"},{"natid":"2251$$","name":"Elsa3","relief":"6100.00"},{"natid":"2261$$","name":"Elsa4","relief":"6100.00"},{"natid":"2271$$","name":"Elsa5","relief":"6100.00"},{"natid":"2281$$","name":"Elsa6","relief":"4000.00"},{"natid":"2291$$","name":"Elsa7","relief":"4000.00"},{"natid":"2301$$","name":"Elsa8","relief":"4000.00"},{"natid":"2311$$","name":"Elsa9","relief":"3069.00"},{"natid":"2321$$","name":"Elsa10","relief":"3069.00"},{"natid":"2331$$","name":"Elsa11","relief":"3069.00"},{"natid":"2341$$","name":"Elsa12","relief":"850.00"},{"natid":"1231$$","name":"Ajith1","relief":"7000.00"},{"natid":"1241$$","name":"Ajith2","relief":"7000.00"},{"natid":"1251$$","name":"Ajith3","relief":"5600.00"},{"natid":"1261$$","name":"Ajith4","relief":"5600.00"},{"natid":"1271$$","name":"Ajith5","relief":"5600.00"},{"natid":"1281$$","name":"Ajith6","relief":"3500.00"},{"natid":"1291$$","name":"Ajith7","relief":"3500.00"},{"natid":"1301$$","name":"Ajith8","relief":"3500.00"},{"natid":"1311$$","name":"Ajith9","relief":"2569.00"},{"natid":"1321$$","name":"Ajith10","relief":"2569.00"},{"natid":"1331$$","name":"Ajith11","relief":"2569.00"},{"natid":"1341$$","name":"Ajith12","relief":"350.00"},{"natid":"2231$$","name":"Elsa1","relief":"7500.00"},{"natid":"2241$$","name":"Elsa2","relief":"7500.00"},{"natid":"2251$$","name":"Elsa3","relief":"6100.00"},{"natid":"2261$$","name":"Elsa4","relief":"6100.00"},{"natid":"2271$$","name":"Elsa5","relief":"6100.00"},{"natid":"2281$$","name":"Elsa6","relief":"4000.00"},{"natid":"2291$$","name":"Elsa7","relief":"4000.00"},{"natid":"2301$$","name":"Elsa8","relief":"4000.00"},{"natid":"2311$$","name":"Elsa9","relief":"3069.00"},{"natid":"2321$$","name":"Elsa10","relief":"3069.00"},{"natid":"2331$$","name":"Elsa11","relief":"3069.00"},{"natid":"2341$$","name":"Elsa12","relief":"850.00"},{"natid":"1011$$","name":"Elsa","relief":"49000.00"},{"natid":"1011$$","name":"Elsa","relief":"49000.00"},{"natid":"1011$$","name":"Elsa","relief":"49000.00"},{"natid":"1011$$","name":"Elsa","relief":"49000.00"},{"natid":"1011$$","name":"Elsa","relief":"49000.00"},{"natid":"1011$$","name":"Elsa","relief":"49000.00"},{"natid":"1011$$","name":"Elsa","relief":"49000.00"},{"natid":"1011$$","name":"Elsa","relief":"49000.00"},{"natid":"1011$$","name":"Elsa","relief":"49000.00"},{"natid":"1011$$","name":"Elsa","relief":"49000.00"},{"natid":"1011$$","name":"Elsa","relief":"49000.00"},{"natid":"1011$$","name":"Elsa","relief":"49000.00"},{"natid":"1011$$","name":"Elsa","relief":"49000.00"},{"natid":"1011$$","name":"Elsa","relief":"49000.00"},{"natid":"1011$$","name":"Elsa","relief":"49000.00"},{"natid":"1011$$","name":"Elsa","relief":"49000.00"},{"natid":"1011$$","name":"Elsa","relief":"49000.00"},{"natid":"1011$$","name":"Elsa","relief":"49000.00"},{"natid":"1011$$","name":"Elsa","relief":"49000.00"},{"natid":"1011$$","name":"Elsa","relief":"49000.00"},{"natid":"1231$$","name":"Ajith1","relief":"7000.00"},{"natid":"1241$$","name":"Ajith2","relief":"7000.00"},{"natid":"1251$$","name":"Ajith3","relief":"5600.00"},{"natid":"1261$$","name":"Ajith4","relief":"5600.00"},{"natid":"1271$$","name":"Ajith5","relief":"5600.00"},{"natid":"1281$$","name":"Ajith6","relief":"3500.00"},{"natid":"1291$$","name":"Ajith7","relief":"3500.00"},{"natid":"1301$$","name":"Ajith8","relief":"3500.00"},{"natid":"1311$$","name":"Ajith9","relief":"2569.00"},{"natid":"1321$$","name":"Ajith10","relief":"2569.00"},{"natid":"1331$$","name":"Ajith11","relief":"2569.00"},{"natid":"1341$$","name":"Ajith12","relief":"350.00"},{"natid":"2231$$","name":"Elsa1","relief":"7500.00"},{"natid":"2241$$","name":"Elsa2","relief":"7500.00"},{"natid":"2251$$","name":"Elsa3","relief":"6100.00"},{"natid":"2261$$","name":"Elsa4","relief":"6100.00"},{"natid":"2271$$","name":"Elsa5","relief":"6100.00"},{"natid":"2281$$","name":"Elsa6","relief":"4000.00"},{"natid":"2291$$","name":"Elsa7","relief":"4000.00"},{"natid":"2301$$","name":"Elsa8","relief":"4000.00"},{"natid":"2311$$","name":"Elsa9","relief":"3069.00"},{"natid":"2321$$","name":"Elsa10","relief":"3069.00"},{"natid":"2331$$","name":"Elsa11","relief":"3069.00"},{"natid":"2341$$","name":"Elsa12","relief":"850.00"},{"natid":"1231$$","name":"Ajith1","relief":"7000.00"},{"natid":"1241$$","name":"Ajith2","relief":"7000.00"},{"natid":"1251$$","name":"Ajith3","relief":"5600.00"},{"natid":"1261$$","name":"Ajith4","relief":"5600.00"},{"natid":"1271$$","name":"Ajith5","relief":"5600.00"},{"natid":"1281$$","name":"Ajith6","relief":"3500.00"},{"natid":"1291$$","name":"Ajith7","relief":"3500.00"},{"natid":"1301$$","name":"Ajith8","relief":"3500.00"},{"natid":"1311$$","name":"Ajith9","relief":"2569.00"},{"natid":"1321$$","name":"Ajith10","relief":"2569.00"},{"natid":"1331$$","name":"Ajith11","relief":"2569.00"},{"natid":"1341$$","name":"Ajith12","relief":"350.00"},{"natid":"2231$$","name":"Elsa1","relief":"7500.00"},{"natid":"2241$$","name":"Elsa2","relief":"7500.00"},{"natid":"2251$$","name":"Elsa3","relief":"6100.00"},{"natid":"2261$$","name":"Elsa4","relief":"6100.00"},{"natid":"2271$$","name":"Elsa5","relief":"6100.00"},{"natid":"2281$$","name":"Elsa6","relief":"4000.00"},{"natid":"2291$$","name":"Elsa7","relief":"4000.00"},{"natid":"2301$$","name":"Elsa8","relief":"4000.00"},{"natid":"2311$$","name":"Elsa9","relief":"3069.00"},{"natid":"2321$$","name":"Elsa10","relief":"3069.00"},{"natid":"2331$$","name":"Elsa11","relief":"3069.00"},{"natid":"2341$$","name":"Elsa12","relief":"850.00"},{"natid":"1011$$","name":"Elsa","relief":"49000.00"},{"natid":"1011$$","name":"Elsa","relief":"49000.00"},{"natid":"1011$$","name":"Elsa","relief":"49000.00"},{"natid":"1231$$","name":"Ajith1","relief":"7000.00"},{"natid":"1241$$","name":"Ajith2","relief":"7000.00"},{"natid":"1251$$","name":"Ajith3","relief":"5600.00"},{"natid":"1261$$","name":"Ajith4","relief":"5600.00"},{"natid":"1271$$","name":"Ajith5","relief":"5600.00"},{"natid":"1281$$","name":"Ajith6","relief":"3500.00"},{"natid":"1291$$","name":"Ajith7","relief":"3500.00"},{"natid":"1301$$","name":"Ajith8","relief":"3500.00"},{"natid":"1311$$","name":"Ajith9","relief":"2569.00"},{"natid":"1321$$","name":"Ajith10","relief":"2569.00"},{"natid":"1331$$","name":"Ajith11","relief":"2569.00"},{"natid":"1341$$","name":"Ajith12","relief":"350.00"},{"natid":"2231$$","name":"Elsa1","relief":"7500.00"},{"natid":"2241$$","name":"Elsa2","relief":"7500.00"},{"natid":"2251$$","name":"Elsa3","relief":"6100.00"},{"natid":"2261$$","name":"Elsa4","relief":"6100.00"},{"natid":"2271$$","name":"Elsa5","relief":"6100.00"},{"natid":"2281$$","name":"Elsa6","relief":"4000.00"},{"natid":"2291$$","name":"Elsa7","relief":"4000.00"},{"natid":"2301$$","name":"Elsa8","relief":"4000.00"},{"natid":"2311$$","name":"Elsa9","relief":"3069.00"},{"natid":"2321$$","name":"Elsa10","relief":"3069.00"},{"natid":"2331$$","name":"Elsa11","relief":"3069.00"},{"natid":"2341$$","name":"Elsa12","relief":"850.00"},{"natid":"1011$$","name":"Elsa","relief":"49000.00"},{"natid":"1011$$","name":"Elsa","relief":"49000.00"},{"natid":"1011$$","name":"Elsa","relief":"49000.00"},{"natid":"1231$$","name":"Ajith1","relief":"7000.00"},{"natid":"1241$$","name":"Ajith2","relief":"7000.00"},{"natid":"1251$$","name":"Ajith3","relief":"5600.00"},{"natid":"1261$$","name":"Ajith4","relief":"5600.00"},{"natid":"1271$$","name":"Ajith5","relief":"5600.00"},{"natid":"1281$$","name":"Ajith6","relief":"3500.00"},{"natid":"1291$$","name":"Ajith7","relief":"3500.00"},{"natid":"1301$$","name":"Ajith8","relief":"3500.00"},{"natid":"1311$$","name":"Ajith9","relief":"2569.00"},{"natid":"1321$$","name":"Ajith10","relief":"2569.00"},{"natid":"1331$$","name":"Ajith11","relief":"2569.00"},{"natid":"1341$$","name":"Ajith12","relief":"350.00"},{"natid":"2231$$","name":"Elsa1","relief":"7500.00"},{"natid":"2241$$","name":"Elsa2","relief":"7500.00"},{"natid":"2251$$","name":"Elsa3","relief":"6100.00"},{"natid":"2261$$","name":"Elsa4","relief":"6100.00"},{"natid":"2271$$","name":"Elsa5","relief":"6100.00"},{"natid":"2281$$","name":"Elsa6","relief":"4000.00"},{"natid":"2291$$","name":"Elsa7","relief":"4000.00"},{"natid":"2301$$","name":"Elsa8","relief":"4000.00"},{"natid":"2311$$","name":"Elsa9","relief":"3069.00"},{"natid":"2321$$","name":"Elsa10","relief":"3069.00"},{"natid":"2331$$","name":"Elsa11","relief":"3069.00"},{"natid":"2341$$","name":"Elsa12","relief":"850.00"},{"natid":"1234$$$$","name":"Elsa1","relief":"49000.00"},{"natid":"1231$$","name":"User1","relief":"7000.00"},{"natid":"1011$$","name":"Elsa","relief":"49000.00"},{"natid":"1011$$","name":"Elsa","relief":"49000.00"},{"natid":"1011$$","name":"Elsa","relief":"49000.00"},{"natid":"1231$$","name":"User1","relief":"7000.00"},{"natid":"1241$$","name":"User2","relief":"7000.00"},{"natid":"1231$$","name":"User1","relief":"7000.00"},{"natid":"1241$$","name":"User2","relief":"7000.00"},{"natid":"1231$$","name":"User1","relief":"7000.00"},{"natid":"1231$$","name":"User1","relief":"7000.00"},{"natid":"1241$$","name":"User2","relief":"7000.00"},{"natid":"1241$$","name":"User2","relief":"7000.00"},{"natid":"1231$$","name":"User1","relief":"7000.00"},{"natid":"1231$$","name":"User1","relief":"7000.00"},{"natid":"1241$$","name":"User2","relief":"7000.00"},{"natid":"1241$$","name":"User2","relief":"7000.00"},{"natid":"1231$$","name":"User1","relief":"7000.00"},{"natid":"1231$$","name":"User1","relief":"7000.00"},{"natid":"1241$$","name":"User2","relief":"7000.00"},{"natid":"1241$$","name":"User2","relief":"7000.00"},{"natid":"1231$$","name":"User1","relief":"7000.00"},{"natid":"1241$$","name":"User2","relief":"7000.00"},{"natid":"1231$$","name":"Ajith1","relief":"7000.00"},{"natid":"1241$$","name":"Ajith2","relief":"7000.00"},{"natid":"1251$$","name":"Ajith3","relief":"5600.00"},{"natid":"1261$$","name":"Ajith4","relief":"5600.00"},{"natid":"1271$$","name":"Ajith5","relief":"5600.00"},{"natid":"1281$$","name":"Ajith6","relief":"3500.00"},{"natid":"1291$$","name":"Ajith7","relief":"3500.00"},{"natid":"1301$$","name":"Ajith8","relief":"3500.00"},{"natid":"1311$$","name":"Ajith9","relief":"2569.00"},{"natid":"1321$$","name":"Ajith10","relief":"2569.00"},{"natid":"1331$$","name":"Ajith11","relief":"2569.00"},{"natid":"1341$$","name":"Ajith12","relief":"350.00"},{"natid":"2231$$","name":"Elsa1","relief":"7500.00"},{"natid":"2241$$","name":"Elsa2","relief":"7500.00"},{"natid":"2251$$","name":"Elsa3","relief":"6100.00"},{"natid":"2261$$","name":"Elsa4","relief":"6100.00"},{"natid":"2271$$","name":"Elsa5","relief":"6100.00"},{"natid":"2281$$","name":"Elsa6","relief":"4000.00"},{"natid":"2291$$","name":"Elsa7","relief":"4000.00"},{"natid":"2301$$","name":"Elsa8","relief":"4000.00"},{"natid":"2311$$","name":"Elsa9","relief":"3069.00"},{"natid":"2321$$","name":"Elsa10","relief":"3069.00"},{"natid":"2331$$","name":"Elsa11","relief":"3069.00"},{"natid":"2341$$","name":"Elsa12","relief":"850.00"}]
]]></system-out>
    <system-err><![CDATA[SLF4J: Failed to load class "org.slf4j.impl.StaticLoggerBinder".
SLF4J: Defaulting to no-operation (NOP) logger implementation
SLF4J: See http://www.slf4j.org/codes.html#StaticLoggerBinder for further details.
Starting ChromeDriver 96.0.4664.45 (76e4c1bb2ab4671b8beba3444e61c0f17584b2fc-refs/branch-heads/4664@{#947}) on port 58890
Only local connections are allowed.
Please see https://chromedriver.chromium.org/security-considerations for suggestions on keeping ChromeDriver safe.
ChromeDriver was started successfully.
Feb 24, 2022 5:47:15 PM org.openqa.selenium.remote.ProtocolHandshake createSession
INFO: Detected dialect: W3C
Feb 24, 2022 5:47:15 PM org.openqa.selenium.devtools.CdpVersionFinder findNearestMatch
INFO: Found exact CDP implementation for version 96
]]></system-err>
  </testcase>
  <testcase name="runScenario[&quot;To test the getTaxReliefSummary API&quot;, &quot;Optional[To Check API is working]&quot;](2)" classname="cucumberOptions.TestNGTestRunner" time="3.037">
    <system-out><![CDATA[Response Code is200{"totalWorkingClassHeroes":"217","totalTaxReliefAmount":"2335998.00"}
]]></system-out>
    <system-err><![CDATA[Starting ChromeDriver 96.0.4664.45 (76e4c1bb2ab4671b8beba3444e61c0f17584b2fc-refs/branch-heads/4664@{#947}) on port 52091
Only local connections are allowed.
Please see https://chromedriver.chromium.org/security-considerations for suggestions on keeping ChromeDriver safe.
ChromeDriver was started successfully.
Feb 24, 2022 5:47:22 PM org.openqa.selenium.remote.ProtocolHandshake createSession
INFO: Detected dialect: W3C
Feb 24, 2022 5:47:22 PM org.openqa.selenium.devtools.CdpVersionFinder findNearestMatch
INFO: Found exact CDP implementation for version 96
]]></system-err>
  </testcase>
  <testcase name="runScenario[&quot;To test the Post insertMultiplePerson API&quot;, &quot;Optional[To Check API is working]&quot;](3)" classname="cucumberOptions.TestNGTestRunner" time="3.969">
    <failure message="expected [200] but found [202]" type="java.lang.AssertionError"><![CDATA[java.lang.AssertionError: expected [200] but found [202]
]]></failure>
    <system-out><![CDATA[Response Code is202responseStringAlright
]]></system-out>
    <system-err><![CDATA[Starting ChromeDriver 96.0.4664.45 (76e4c1bb2ab4671b8beba3444e61c0f17584b2fc-refs/branch-heads/4664@{#947}) on port 56492
Only local connections are allowed.
Please see https://chromedriver.chromium.org/security-considerations for suggestions on keeping ChromeDriver safe.
ChromeDriver was started successfully.
Feb 24, 2022 5:47:25 PM org.openqa.selenium.remote.ProtocolHandshake createSession
INFO: Detected dialect: W3C
Feb 24, 2022 5:47:25 PM org.openqa.selenium.devtools.CdpVersionFinder findNearestMatch
INFO: Found exact CDP implementation for version 96
]]></system-err>
  </testcase>
  <testcase name="runScenario[&quot;To test the Post insertMultiplePerson API&quot;, &quot;Optional[To Check API is working]&quot;](4)" classname="cucumberOptions.TestNGTestRunner" time="3.155">
    <failure message="expected [200] but found [202]" type="java.lang.AssertionError"><![CDATA[java.lang.AssertionError: expected [200] but found [202]
]]></failure>
    <system-out><![CDATA[Response Code is202responseStringAlright
]]></system-out>
    <system-err><![CDATA[Starting ChromeDriver 96.0.4664.45 (76e4c1bb2ab4671b8beba3444e61c0f17584b2fc-refs/branch-heads/4664@{#947}) on port 64000
Only local connections are allowed.
Please see https://chromedriver.chromium.org/security-considerations for suggestions on keeping ChromeDriver safe.
ChromeDriver was started successfully.
Feb 24, 2022 5:47:29 PM org.openqa.selenium.remote.ProtocolHandshake createSession
INFO: Detected dialect: W3C
Feb 24, 2022 5:47:29 PM org.openqa.selenium.devtools.CdpVersionFinder findNearestMatch
INFO: Found exact CDP implementation for version 96
]]></system-err>
  </testcase>
  <testcase name="runScenario[&quot;To test the Post insertPerson API&quot;, &quot;Optional[To Check API is working]&quot;](5)" classname="cucumberOptions.TestNGTestRunner" time="3.43">
    <failure message="expected [200] but found [202]" type="java.lang.AssertionError"><![CDATA[java.lang.AssertionError: expected [200] but found [202]
]]></failure>
    <system-out><![CDATA[Response Code is202responseStringAlright
]]></system-out>
    <system-err><![CDATA[Starting ChromeDriver 96.0.4664.45 (76e4c1bb2ab4671b8beba3444e61c0f17584b2fc-refs/branch-heads/4664@{#947}) on port 54278
Only local connections are allowed.
Please see https://chromedriver.chromium.org/security-considerations for suggestions on keeping ChromeDriver safe.
ChromeDriver was started successfully.
Feb 24, 2022 5:47:33 PM org.openqa.selenium.remote.ProtocolHandshake createSession
INFO: Detected dialect: W3C
Feb 24, 2022 5:47:33 PM org.openqa.selenium.devtools.CdpVersionFinder findNearestMatch
INFO: Found exact CDP implementation for version 96
]]></system-err>
  </testcase>
  <testcase name="runScenario[&quot;To test the Post insertPerson API&quot;, &quot;Optional[To Check API is working]&quot;](6)" classname="cucumberOptions.TestNGTestRunner" time="3.941">
    <failure message="expected [200] but found [202]" type="java.lang.AssertionError"><![CDATA[java.lang.AssertionError: expected [200] but found [202]
]]></failure>
    <system-out><![CDATA[Response Code is202responseStringAlright
]]></system-out>
    <system-err><![CDATA[Starting ChromeDriver 96.0.4664.45 (76e4c1bb2ab4671b8beba3444e61c0f17584b2fc-refs/branch-heads/4664@{#947}) on port 50332
Only local connections are allowed.
Please see https://chromedriver.chromium.org/security-considerations for suggestions on keeping ChromeDriver safe.
ChromeDriver was started successfully.
Feb 24, 2022 5:47:36 PM org.openqa.selenium.remote.ProtocolHandshake createSession
INFO: Detected dialect: W3C
Feb 24, 2022 5:47:36 PM org.openqa.selenium.devtools.CdpVersionFinder findNearestMatch
INFO: Found exact CDP implementation for version 96
]]></system-err>
  </testcase>
  <testcase name="runScenario[&quot;To check the Displense Now button availability and the functionality&quot;, &quot;Optional[Checking DispenseButton]&quot;](7)" classname="cucumberOptions.TestNGTestRunner" time="5.759">
    <system-err><![CDATA[Starting ChromeDriver 96.0.4664.45 (76e4c1bb2ab4671b8beba3444e61c0f17584b2fc-refs/branch-heads/4664@{#947}) on port 62029
Only local connections are allowed.
Please see https://chromedriver.chromium.org/security-considerations for suggestions on keeping ChromeDriver safe.
ChromeDriver was started successfully.
Feb 24, 2022 5:47:40 PM org.openqa.selenium.remote.ProtocolHandshake createSession
INFO: Detected dialect: W3C
Feb 24, 2022 5:47:40 PM org.openqa.selenium.devtools.CdpVersionFinder findNearestMatch
INFO: Found exact CDP implementation for version 96
]]></system-err>
  </testcase>
  <testcase name="runScenario[&quot;To chek the taxrelief amount verification for the records&quot;, &quot;Optional[Checking Tax Calculation]&quot;](8)" classname="cucumberOptions.TestNGTestRunner" time="8.992">
    <system-err><![CDATA[Starting ChromeDriver 96.0.4664.45 (76e4c1bb2ab4671b8beba3444e61c0f17584b2fc-refs/branch-heads/4664@{#947}) on port 62302
Only local connections are allowed.
Please see https://chromedriver.chromium.org/security-considerations for suggestions on keeping ChromeDriver safe.
ChromeDriver was started successfully.
Feb 24, 2022 5:47:46 PM org.openqa.selenium.remote.ProtocolHandshake createSession
INFO: Detected dialect: W3C
Feb 24, 2022 5:47:46 PM org.openqa.selenium.devtools.CdpVersionFinder findNearestMatch
INFO: Found exact CDP implementation for version 96
]]></system-err>
  </testcase>
  <testcase name="runScenario[&quot;To chek the taxrelief amount verification for the records&quot;, &quot;Optional[Checking Tax Calculation]&quot;](9)" classname="cucumberOptions.TestNGTestRunner" time="8.44">
    <system-err><![CDATA[Starting ChromeDriver 96.0.4664.45 (76e4c1bb2ab4671b8beba3444e61c0f17584b2fc-refs/branch-heads/4664@{#947}) on port 49236
Only local connections are allowed.
Please see https://chromedriver.chromium.org/security-considerations for suggestions on keeping ChromeDriver safe.
ChromeDriver was started successfully.
Feb 24, 2022 5:47:55 PM org.openqa.selenium.remote.ProtocolHandshake createSession
INFO: Detected dialect: W3C
Feb 24, 2022 5:47:55 PM org.openqa.selenium.devtools.CdpVersionFinder findNearestMatch
INFO: Found exact CDP implementation for version 96
]]></system-err>
  </testcase>
  <testcase name="runScenario[&quot;To chek the taxrelief amount verification for the records&quot;, &quot;Optional[Checking Tax Calculation]&quot;](10)" classname="cucumberOptions.TestNGTestRunner" time="8.918">
    <system-err><![CDATA[Starting ChromeDriver 96.0.4664.45 (76e4c1bb2ab4671b8beba3444e61c0f17584b2fc-refs/branch-heads/4664@{#947}) on port 53583
Only local connections are allowed.
Please see https://chromedriver.chromium.org/security-considerations for suggestions on keeping ChromeDriver safe.
ChromeDriver was started successfully.
Feb 24, 2022 5:48:03 PM org.openqa.selenium.remote.ProtocolHandshake createSession
INFO: Detected dialect: W3C
Feb 24, 2022 5:48:03 PM org.openqa.selenium.devtools.CdpVersionFinder findNearestMatch
INFO: Found exact CDP implementation for version 96
]]></system-err>
  </testcase>
  <testcase name="runScenario[&quot;To chek the taxrelief amount verification for the records&quot;, &quot;Optional[Checking Tax Calculation]&quot;](11)" classname="cucumberOptions.TestNGTestRunner" time="9.974">
    <system-err><![CDATA[Starting ChromeDriver 96.0.4664.45 (76e4c1bb2ab4671b8beba3444e61c0f17584b2fc-refs/branch-heads/4664@{#947}) on port 50997
Only local connections are allowed.
Please see https://chromedriver.chromium.org/security-considerations for suggestions on keeping ChromeDriver safe.
ChromeDriver was started successfully.
Feb 24, 2022 5:48:14 PM org.openqa.selenium.remote.ProtocolHandshake createSession
INFO: Detected dialect: W3C
Feb 24, 2022 5:48:14 PM org.openqa.selenium.devtools.CdpVersionFinder findNearestMatch
INFO: Found exact CDP implementation for version 96
]]></system-err>
  </testcase>
  <testcase name="runScenario[&quot;To chek the taxrelief amount verification for the records&quot;, &quot;Optional[Checking Tax Calculation]&quot;](12)" classname="cucumberOptions.TestNGTestRunner" time="8.147">
    <system-err><![CDATA[Starting ChromeDriver 96.0.4664.45 (76e4c1bb2ab4671b8beba3444e61c0f17584b2fc-refs/branch-heads/4664@{#947}) on port 54930
Only local connections are allowed.
Please see https://chromedriver.chromium.org/security-considerations for suggestions on keeping ChromeDriver safe.
ChromeDriver was started successfully.
Feb 24, 2022 5:48:22 PM org.openqa.selenium.remote.ProtocolHandshake createSession
INFO: Detected dialect: W3C
Feb 24, 2022 5:48:22 PM org.openqa.selenium.devtools.CdpVersionFinder findNearestMatch
INFO: Found exact CDP implementation for version 96
]]></system-err>
  </testcase>
  <testcase name="runScenario[&quot;To chek the taxrelief amount verification for the records&quot;, &quot;Optional[Checking Tax Calculation]&quot;](13)" classname="cucumberOptions.TestNGTestRunner" time="8.121">
    <system-err><![CDATA[Starting ChromeDriver 96.0.4664.45 (76e4c1bb2ab4671b8beba3444e61c0f17584b2fc-refs/branch-heads/4664@{#947}) on port 64958
Only local connections are allowed.
Please see https://chromedriver.chromium.org/security-considerations for suggestions on keeping ChromeDriver safe.
ChromeDriver was started successfully.
Feb 24, 2022 5:48:30 PM org.openqa.selenium.remote.ProtocolHandshake createSession
INFO: Detected dialect: W3C
Feb 24, 2022 5:48:30 PM org.openqa.selenium.devtools.CdpVersionFinder findNearestMatch
INFO: Found exact CDP implementation for version 96
]]></system-err>
  </testcase>
  <testcase name="runScenario[&quot;To chek the taxrelief amount verification for the records&quot;, &quot;Optional[Checking Tax Calculation]&quot;](14)" classname="cucumberOptions.TestNGTestRunner" time="8.431">
    <system-err><![CDATA[Starting ChromeDriver 96.0.4664.45 (76e4c1bb2ab4671b8beba3444e61c0f17584b2fc-refs/branch-heads/4664@{#947}) on port 53554
Only local connections are allowed.
Please see https://chromedriver.chromium.org/security-considerations for suggestions on keeping ChromeDriver safe.
ChromeDriver was started successfully.
Feb 24, 2022 5:48:38 PM org.openqa.selenium.remote.ProtocolHandshake createSession
INFO: Detected dialect: W3C
Feb 24, 2022 5:48:38 PM org.openqa.selenium.devtools.CdpVersionFinder findNearestMatch
INFO: Found exact CDP implementation for version 96
]]></system-err>
  </testcase>
  <testcase name="runScenario[&quot;To chek the taxrelief amount verification for the records&quot;, &quot;Optional[Checking Tax Calculation]&quot;](15)" classname="cucumberOptions.TestNGTestRunner" time="10.049">
    <system-err><![CDATA[Starting ChromeDriver 96.0.4664.45 (76e4c1bb2ab4671b8beba3444e61c0f17584b2fc-refs/branch-heads/4664@{#947}) on port 49546
Only local connections are allowed.
Please see https://chromedriver.chromium.org/security-considerations for suggestions on keeping ChromeDriver safe.
ChromeDriver was started successfully.
Feb 24, 2022 5:48:48 PM org.openqa.selenium.remote.ProtocolHandshake createSession
INFO: Detected dialect: W3C
Feb 24, 2022 5:48:48 PM org.openqa.selenium.devtools.CdpVersionFinder findNearestMatch
INFO: Found exact CDP implementation for version 96
]]></system-err>
  </testcase>
  <testcase name="runScenario[&quot;To chek the taxrelief amount verification for the records&quot;, &quot;Optional[Checking Tax Calculation]&quot;](16)" classname="cucumberOptions.TestNGTestRunner" time="11.403">
    <system-err><![CDATA[Starting ChromeDriver 96.0.4664.45 (76e4c1bb2ab4671b8beba3444e61c0f17584b2fc-refs/branch-heads/4664@{#947}) on port 60676
Only local connections are allowed.
Please see https://chromedriver.chromium.org/security-considerations for suggestions on keeping ChromeDriver safe.
ChromeDriver was started successfully.
Feb 24, 2022 5:48:59 PM org.openqa.selenium.remote.ProtocolHandshake createSession
INFO: Detected dialect: W3C
Feb 24, 2022 5:48:59 PM org.openqa.selenium.devtools.CdpVersionFinder findNearestMatch
INFO: Found exact CDP implementation for version 96
]]></system-err>
  </testcase>
  <testcase name="runScenario[&quot;To chek the taxrelief amount verification for the records&quot;, &quot;Optional[Checking Tax Calculation]&quot;](17)" classname="cucumberOptions.TestNGTestRunner" time="10.117">
    <system-err><![CDATA[Starting ChromeDriver 96.0.4664.45 (76e4c1bb2ab4671b8beba3444e61c0f17584b2fc-refs/branch-heads/4664@{#947}) on port 52771
Only local connections are allowed.
Please see https://chromedriver.chromium.org/security-considerations for suggestions on keeping ChromeDriver safe.
ChromeDriver was started successfully.
Feb 24, 2022 5:49:08 PM org.openqa.selenium.remote.ProtocolHandshake createSession
INFO: Detected dialect: W3C
Feb 24, 2022 5:49:08 PM org.openqa.selenium.devtools.CdpVersionFinder findNearestMatch
INFO: Found exact CDP implementation for version 96
]]></system-err>
  </testcase>
  <testcase name="runScenario[&quot;To chek the taxrelief amount verification for the records&quot;, &quot;Optional[Checking Tax Calculation]&quot;](18)" classname="cucumberOptions.TestNGTestRunner" time="8.854">
    <system-err><![CDATA[Starting ChromeDriver 96.0.4664.45 (76e4c1bb2ab4671b8beba3444e61c0f17584b2fc-refs/branch-heads/4664@{#947}) on port 51950
Only local connections are allowed.
Please see https://chromedriver.chromium.org/security-considerations for suggestions on keeping ChromeDriver safe.
ChromeDriver was started successfully.
Feb 24, 2022 5:49:18 PM org.openqa.selenium.remote.ProtocolHandshake createSession
INFO: Detected dialect: W3C
Feb 24, 2022 5:49:18 PM org.openqa.selenium.devtools.CdpVersionFinder findNearestMatch
INFO: Found exact CDP implementation for version 96
]]></system-err>
  </testcase>
  <testcase name="runScenario[&quot;To chek the taxrelief amount verification for the records&quot;, &quot;Optional[Checking Tax Calculation]&quot;](19)" classname="cucumberOptions.TestNGTestRunner" time="8.25">
    <system-err><![CDATA[Starting ChromeDriver 96.0.4664.45 (76e4c1bb2ab4671b8beba3444e61c0f17584b2fc-refs/branch-heads/4664@{#947}) on port 57023
Only local connections are allowed.
Please see https://chromedriver.chromium.org/security-considerations for suggestions on keeping ChromeDriver safe.
ChromeDriver was started successfully.
Feb 24, 2022 5:49:27 PM org.openqa.selenium.remote.ProtocolHandshake createSession
INFO: Detected dialect: W3C
Feb 24, 2022 5:49:27 PM org.openqa.selenium.devtools.CdpVersionFinder findNearestMatch
INFO: Found exact CDP implementation for version 96
]]></system-err>
  </testcase>
  <testcase name="runScenario[&quot;To chek the taxrelief amount verification for the records&quot;, &quot;Optional[Checking Tax Calculation]&quot;](20)" classname="cucumberOptions.TestNGTestRunner" time="8.381">
    <system-err><![CDATA[Starting ChromeDriver 96.0.4664.45 (76e4c1bb2ab4671b8beba3444e61c0f17584b2fc-refs/branch-heads/4664@{#947}) on port 52612
Only local connections are allowed.
Please see https://chromedriver.chromium.org/security-considerations for suggestions on keeping ChromeDriver safe.
ChromeDriver was started successfully.
Feb 24, 2022 5:49:36 PM org.openqa.selenium.remote.ProtocolHandshake createSession
INFO: Detected dialect: W3C
Feb 24, 2022 5:49:36 PM org.openqa.selenium.devtools.CdpVersionFinder findNearestMatch
INFO: Found exact CDP implementation for version 96
]]></system-err>
  </testcase>
  <testcase name="runScenario[&quot;To chek the taxrelief amount verification for the records&quot;, &quot;Optional[Checking Tax Calculation]&quot;](21)" classname="cucumberOptions.TestNGTestRunner" time="8.162">
    <system-err><![CDATA[Starting ChromeDriver 96.0.4664.45 (76e4c1bb2ab4671b8beba3444e61c0f17584b2fc-refs/branch-heads/4664@{#947}) on port 49641
Only local connections are allowed.
Please see https://chromedriver.chromium.org/security-considerations for suggestions on keeping ChromeDriver safe.
ChromeDriver was started successfully.
Feb 24, 2022 5:49:44 PM org.openqa.selenium.remote.ProtocolHandshake createSession
INFO: Detected dialect: W3C
Feb 24, 2022 5:49:44 PM org.openqa.selenium.devtools.CdpVersionFinder findNearestMatch
INFO: Found exact CDP implementation for version 96
]]></system-err>
  </testcase>
  <testcase name="runScenario[&quot;To chek the taxrelief amount verification for the records&quot;, &quot;Optional[Checking Tax Calculation]&quot;](22)" classname="cucumberOptions.TestNGTestRunner" time="9.51">
    <system-err><![CDATA[Starting ChromeDriver 96.0.4664.45 (76e4c1bb2ab4671b8beba3444e61c0f17584b2fc-refs/branch-heads/4664@{#947}) on port 52612
Only local connections are allowed.
Please see https://chromedriver.chromium.org/security-considerations for suggestions on keeping ChromeDriver safe.
ChromeDriver was started successfully.
Feb 24, 2022 5:49:52 PM org.openqa.selenium.remote.ProtocolHandshake createSession
INFO: Detected dialect: W3C
Feb 24, 2022 5:49:52 PM org.openqa.selenium.devtools.CdpVersionFinder findNearestMatch
INFO: Found exact CDP implementation for version 96
]]></system-err>
  </testcase>
  <testcase name="runScenario[&quot;To chek the taxrelief amount verification for the records&quot;, &quot;Optional[Checking Tax Calculation]&quot;](23)" classname="cucumberOptions.TestNGTestRunner" time="10.033">
    <system-err><![CDATA[Starting ChromeDriver 96.0.4664.45 (76e4c1bb2ab4671b8beba3444e61c0f17584b2fc-refs/branch-heads/4664@{#947}) on port 60734
Only local connections are allowed.
Please see https://chromedriver.chromium.org/security-considerations for suggestions on keeping ChromeDriver safe.
ChromeDriver was started successfully.
Feb 24, 2022 5:50:02 PM org.openqa.selenium.remote.ProtocolHandshake createSession
INFO: Detected dialect: W3C
Feb 24, 2022 5:50:02 PM org.openqa.selenium.devtools.CdpVersionFinder findNearestMatch
INFO: Found exact CDP implementation for version 96
]]></system-err>
  </testcase>
  <testcase name="runScenario[&quot;To chek the taxrelief amount verification for the records&quot;, &quot;Optional[Checking Tax Calculation]&quot;](24)" classname="cucumberOptions.TestNGTestRunner" time="10.547">
    <system-err><![CDATA[Starting ChromeDriver 96.0.4664.45 (76e4c1bb2ab4671b8beba3444e61c0f17584b2fc-refs/branch-heads/4664@{#947}) on port 61515
Only local connections are allowed.
Please see https://chromedriver.chromium.org/security-considerations for suggestions on keeping ChromeDriver safe.
ChromeDriver was started successfully.
Feb 24, 2022 5:50:12 PM org.openqa.selenium.remote.ProtocolHandshake createSession
INFO: Detected dialect: W3C
Feb 24, 2022 5:50:12 PM org.openqa.selenium.devtools.CdpVersionFinder findNearestMatch
INFO: Found exact CDP implementation for version 96
]]></system-err>
  </testcase>
  <testcase name="runScenario[&quot;To chek the taxrelief amount verification for the records&quot;, &quot;Optional[Checking Tax Calculation]&quot;](25)" classname="cucumberOptions.TestNGTestRunner" time="9.308">
    <system-err><![CDATA[Starting ChromeDriver 96.0.4664.45 (76e4c1bb2ab4671b8beba3444e61c0f17584b2fc-refs/branch-heads/4664@{#947}) on port 64908
Only local connections are allowed.
Please see https://chromedriver.chromium.org/security-considerations for suggestions on keeping ChromeDriver safe.
ChromeDriver was started successfully.
Feb 24, 2022 5:50:23 PM org.openqa.selenium.remote.ProtocolHandshake createSession
INFO: Detected dialect: W3C
Feb 24, 2022 5:50:23 PM org.openqa.selenium.devtools.CdpVersionFinder findNearestMatch
INFO: Found exact CDP implementation for version 96
]]></system-err>
  </testcase>
  <testcase name="runScenario[&quot;To chek the taxrelief amount verification for the records&quot;, &quot;Optional[Checking Tax Calculation]&quot;](26)" classname="cucumberOptions.TestNGTestRunner" time="9.993">
    <system-err><![CDATA[Starting ChromeDriver 96.0.4664.45 (76e4c1bb2ab4671b8beba3444e61c0f17584b2fc-refs/branch-heads/4664@{#947}) on port 57698
Only local connections are allowed.
Please see https://chromedriver.chromium.org/security-considerations for suggestions on keeping ChromeDriver safe.
ChromeDriver was started successfully.
Feb 24, 2022 5:50:32 PM org.openqa.selenium.remote.ProtocolHandshake createSession
INFO: Detected dialect: W3C
Feb 24, 2022 5:50:32 PM org.openqa.selenium.devtools.CdpVersionFinder findNearestMatch
INFO: Found exact CDP implementation for version 96
]]></system-err>
  </testcase>
  <testcase name="runScenario[&quot;To chek the taxrelief amount verification for the records&quot;, &quot;Optional[Checking Tax Calculation]&quot;](27)" classname="cucumberOptions.TestNGTestRunner" time="11.042">
    <system-err><![CDATA[Starting ChromeDriver 96.0.4664.45 (76e4c1bb2ab4671b8beba3444e61c0f17584b2fc-refs/branch-heads/4664@{#947}) on port 60601
Only local connections are allowed.
Please see https://chromedriver.chromium.org/security-considerations for suggestions on keeping ChromeDriver safe.
ChromeDriver was started successfully.
Feb 24, 2022 5:50:42 PM org.openqa.selenium.remote.ProtocolHandshake createSession
INFO: Detected dialect: W3C
Feb 24, 2022 5:50:42 PM org.openqa.selenium.devtools.CdpVersionFinder findNearestMatch
INFO: Found exact CDP implementation for version 96
]]></system-err>
  </testcase>
  <testcase name="runScenario[&quot;To chek the taxrelief amount verification for the records&quot;, &quot;Optional[Checking Tax Calculation]&quot;](28)" classname="cucumberOptions.TestNGTestRunner" time="9.678">
    <system-err><![CDATA[Starting ChromeDriver 96.0.4664.45 (76e4c1bb2ab4671b8beba3444e61c0f17584b2fc-refs/branch-heads/4664@{#947}) on port 54075
Only local connections are allowed.
Please see https://chromedriver.chromium.org/security-considerations for suggestions on keeping ChromeDriver safe.
ChromeDriver was started successfully.
Feb 24, 2022 5:50:53 PM org.openqa.selenium.remote.ProtocolHandshake createSession
INFO: Detected dialect: W3C
Feb 24, 2022 5:50:53 PM org.openqa.selenium.devtools.CdpVersionFinder findNearestMatch
INFO: Found exact CDP implementation for version 96
]]></system-err>
  </testcase>
  <testcase name="runScenario[&quot;To chek the taxrelief amount verification for the records&quot;, &quot;Optional[Checking Tax Calculation]&quot;](29)" classname="cucumberOptions.TestNGTestRunner" time="10.322">
    <system-err><![CDATA[Starting ChromeDriver 96.0.4664.45 (76e4c1bb2ab4671b8beba3444e61c0f17584b2fc-refs/branch-heads/4664@{#947}) on port 58504
Only local connections are allowed.
Please see https://chromedriver.chromium.org/security-considerations for suggestions on keeping ChromeDriver safe.
ChromeDriver was started successfully.
Feb 24, 2022 5:51:02 PM org.openqa.selenium.remote.ProtocolHandshake createSession
INFO: Detected dialect: W3C
Feb 24, 2022 5:51:02 PM org.openqa.selenium.devtools.CdpVersionFinder findNearestMatch
INFO: Found exact CDP implementation for version 96
]]></system-err>
  </testcase>
  <testcase name="runScenario[&quot;To chek the taxrelief amount verification for the records&quot;, &quot;Optional[Checking Tax Calculation]&quot;](30)" classname="cucumberOptions.TestNGTestRunner" time="11.212">
    <system-err><![CDATA[Starting ChromeDriver 96.0.4664.45 (76e4c1bb2ab4671b8beba3444e61c0f17584b2fc-refs/branch-heads/4664@{#947}) on port 65064
Only local connections are allowed.
Please see https://chromedriver.chromium.org/security-considerations for suggestions on keeping ChromeDriver safe.
ChromeDriver was started successfully.
Feb 24, 2022 5:51:13 PM org.openqa.selenium.remote.ProtocolHandshake createSession
INFO: Detected dialect: W3C
Feb 24, 2022 5:51:13 PM org.openqa.selenium.devtools.CdpVersionFinder findNearestMatch
INFO: Found exact CDP implementation for version 96
]]></system-err>
  </testcase>
  <testcase name="runScenario[&quot;To chek the taxrelief amount verification for the records&quot;, &quot;Optional[Checking Tax Calculation]&quot;](31)" classname="cucumberOptions.TestNGTestRunner" time="9.927">
    <system-err><![CDATA[Starting ChromeDriver 96.0.4664.45 (76e4c1bb2ab4671b8beba3444e61c0f17584b2fc-refs/branch-heads/4664@{#947}) on port 59635
Only local connections are allowed.
Please see https://chromedriver.chromium.org/security-considerations for suggestions on keeping ChromeDriver safe.
ChromeDriver was started successfully.
Feb 24, 2022 5:51:24 PM org.openqa.selenium.remote.ProtocolHandshake createSession
INFO: Detected dialect: W3C
Feb 24, 2022 5:51:24 PM org.openqa.selenium.devtools.CdpVersionFinder findNearestMatch
INFO: Found exact CDP implementation for version 96
]]></system-err>
  </testcase>
  <testcase name="runScenario[&quot;To check the Tax amount displayed is correct&quot;, &quot;Optional[Checking Tax Calculation]&quot;](32)" classname="cucumberOptions.TestNGTestRunner" time="11.526">
    <system-err><![CDATA[Starting ChromeDriver 96.0.4664.45 (76e4c1bb2ab4671b8beba3444e61c0f17584b2fc-refs/branch-heads/4664@{#947}) on port 62520
Only local connections are allowed.
Please see https://chromedriver.chromium.org/security-considerations for suggestions on keeping ChromeDriver safe.
ChromeDriver was started successfully.
Feb 24, 2022 5:51:34 PM org.openqa.selenium.remote.ProtocolHandshake createSession
INFO: Detected dialect: W3C
Feb 24, 2022 5:51:34 PM org.openqa.selenium.devtools.CdpVersionFinder findNearestMatch
INFO: Found exact CDP implementation for version 96
]]></system-err>
  </testcase>
  <testcase name="runScenario[&quot;To check the CSV fileupload function with a valid data and validate the records are added&quot;, &quot;Optional[Add User from CSVFile]&quot;](33)" classname="cucumberOptions.TestNGTestRunner" time="18.777">
    <system-err><![CDATA[Starting ChromeDriver 96.0.4664.45 (76e4c1bb2ab4671b8beba3444e61c0f17584b2fc-refs/branch-heads/4664@{#947}) on port 52532
Only local connections are allowed.
Please see https://chromedriver.chromium.org/security-considerations for suggestions on keeping ChromeDriver safe.
ChromeDriver was started successfully.
Feb 24, 2022 5:51:45 PM org.openqa.selenium.remote.ProtocolHandshake createSession
INFO: Detected dialect: W3C
Feb 24, 2022 5:51:45 PM org.openqa.selenium.devtools.CdpVersionFinder findNearestMatch
INFO: Found exact CDP implementation for version 96
]]></system-err>
  </testcase>
  <testcase name="runScenario[&quot;To check the CSV fileupload function with an invalid data and validate the record is added&quot;, &quot;Optional[Add User from CSVFile]&quot;](34)" classname="cucumberOptions.TestNGTestRunner" time="18.891">
    <system-err><![CDATA[Starting ChromeDriver 96.0.4664.45 (76e4c1bb2ab4671b8beba3444e61c0f17584b2fc-refs/branch-heads/4664@{#947}) on port 61129
Only local connections are allowed.
Please see https://chromedriver.chromium.org/security-considerations for suggestions on keeping ChromeDriver safe.
ChromeDriver was started successfully.
Feb 24, 2022 5:52:04 PM org.openqa.selenium.remote.ProtocolHandshake createSession
INFO: Detected dialect: W3C
Feb 24, 2022 5:52:04 PM org.openqa.selenium.devtools.CdpVersionFinder findNearestMatch
INFO: Found exact CDP implementation for version 96
]]></system-err>
  </testcase>
  <testcase name="runScenario[&quot;To check the natid field is masked from the 5th character onwards&quot;, &quot;Optional[Add User from CSVFile]&quot;](35)" classname="cucumberOptions.TestNGTestRunner" time="6.653">
    <system-err><![CDATA[Starting ChromeDriver 96.0.4664.45 (76e4c1bb2ab4671b8beba3444e61c0f17584b2fc-refs/branch-heads/4664@{#947}) on port 56220
Only local connections are allowed.
Please see https://chromedriver.chromium.org/security-considerations for suggestions on keeping ChromeDriver safe.
ChromeDriver was started successfully.
Feb 24, 2022 5:52:23 PM org.openqa.selenium.remote.ProtocolHandshake createSession
INFO: Detected dialect: W3C
Feb 24, 2022 5:52:23 PM org.openqa.selenium.devtools.CdpVersionFinder findNearestMatch
INFO: Found exact CDP implementation for version 96
]]></system-err>
  </testcase>
</testsuite>